<?xml version="1.0" encoding="UTF-8"?>
<testsuite xmlns:xsi="http://www.w3.org/2001/XMLSchema-instance" xsi:noNamespaceSchemaLocation="https://maven.apache.org/surefire/maven-surefire-plugin/xsd/surefire-test-report-3.0.xsd" version="3.0" name="TestSuite" time="15.136" tests="2" errors="0" skipped="0" failures="0">
  <properties>
[...]
</properties>
  <testcase name="registerWithExistingEmail" classname="tests.RegisterTests" time="1.287">
    <system-err><![CDATA[SLF4J: Failed to load class "org.slf4j.impl.StaticLoggerBinder".
SLF4J: Defaulting to no-operation (NOP) logger implementation
SLF4J: See http://www.slf4j.org/codes.html#StaticLoggerBinder for further details.
1685361412528	geckodriver	INFO	Listening on 127.0.0.1:2205
1685361412665	geckodriver	INFO	Listening on 127.0.0.1:5982
1685361412886	mozrunner::runn16e8r5	3I6N1F4O	1R2u8nn86i	nmg coozmrumannnde:r :":Cr:u\n\nPerro	gIrNFaOm File	sR\un\Mnozillian gF irecfooxm\ma\nfdi:r e"fCo:\x\.Perxoeg"r am" -F-imlaersi\o\nMoeztitlel"a  F"ir-e-froexm\\oftier-edfeobxu.gegxien"g "--p-omratr"i o"n3e0t7t0e4""  ""----rreemmootte-ed e.b.u.g goicnagl-hpoosrtt:3"0 7"0443/,7h7t6t"p :"//-[-:r:e1m]o:3te0 7.0.4./ " "o-cnaol-hroesmto:te4" 3"7-7p6r/o,fhitltep": /"/C[::\:\Use1r]s:4\3\7i7z6a/m" a"n-\n\oA-prpeDmatoate\"\ L"o-cparlo\fi\lTe"em "pC\:\\\rUussetr_sm\o\zipzraomfainl\e\ALpoJpGDWatQa"\
\Local\\Temp\\rust_mozprofileJ1ssKz"
ccoonnssoollee..wwaarrnn::  sseerrvviicceess..sseettitngst:i nIggnsor:in gI pgrneoferrienngc per eofveerrerniced eo voefr rriedmeo tofe  rseemtottien gsse tsteirnvgesr s
ervecorn
sole.warcno:n ssoelrev.iwcaersn.:s estetrivnigcse:s .Asleltotwi nbgys :s eAtltlionwg  bMyO Zs_eRtEtMiOnTgE _MSOEZT_TRIENMGOST_ED_ESVETTTOIONLGS=S1_ DiEnV TtOhOeL Se=n1v iirno ntmheen ten
vironment
1166858356361413814441	M3a8r4i4o	nMeatrtieo	nIeNtFtOe		MIaNrFiOo	nMeartiteo neentatbel eed
nabled
Dynamically enable window occlusion 0
Dynamically enable window occlusion 0
11668855336611441133885522		MMaarriioonneettttee		IINNFFOO		LLiisstteneinnign go no np orpto r5t9 952959
24
Read port: 59925
Read port: 59924
WebDriver BiDi listening on ws://127.0.0.1:30704
WebDriver BiDi listening on ws://127.0.0.1:43776
1685361414467	1R6e8mot5eA3g6e14n1t4	4W6A7R	NR	eTmLoSt ecAegretnitf	iWcAaRtNe	 TeLrSr ocresr twiiflilc abtee  iegrnroorresd  wfiolrl  tbhei si gsneosrseido nfo
r this session
[ERROR glean_core] Error setting metrics feature config: Json(Error("EOF while parsing a value", line: 1, column: 0))
DevTools listening on ws://127.0.0.1:30704/devtools/browser/cf9f998b-35e7-4d5a-97f8-b171110845da
[ERROR glean_core] Error setting metrics feature config: Json(Error("EOF while parsing a value", line: 1, column: 0))
DevTools listening on ws://127.0.0.1:43776/devtools/browser/713434b9-1916-4c58-b87b-2a375cd00820
console.warn: LoginRecipes: "Falling back to a synchronous message for: http://automationpractice.pl."
console.warn: LoginRecipes: "Falling back to a synchronous message for: http://automationpractice.pl."
console.warn: LoginRecipes: "Falling back to a synchronous message for: http://automationpractice.pl."
]]></system-err>
  </testcase>
  <testcase name="loginWithWrongCredentials" classname="tests.LoginTests" time="2.149">
    <system-err><![CDATA[1685361422691	RemoteAgent	INFO	Perform WebSocket upgrade for incoming connection from 127.0.0.1:60004
1685361422696	CDP	WARN	Invalid browser preferences for CDP. Set "fission.webContentIsolationStrategy"to 0 and "fission.bfcacheInParent" to false before Firefox starts.
1685361422745	Marionette	INFO	Stopped listening on port 59924
[Child 20476, Main Thread] WARNING: JSWindowActorChild::SendRawMessage (Conduits, ConduitClosed) not sent: !CanSend() || !mManager || !mManager->CanSend(): file /builds/worker/checkouts/gecko/dom/ipc/jsactor/JSWindowActorChild.cpp:57
[Child 20476, Main Thread] WARNING: JSWindowActorChild::SendRawMessage (Conduits, ConduitClosed) not sent: !CanSend() || !mManager || !mManager->CanSend(): file /builds/worker/checkouts/gecko/dom/ipc/jsactor/JSWindowActorChild.cpp:57
[Child 20476, Main Thread] WARNING: JSWindowActorChild::SendRawMessage (Conduits, ConduitClosed) not sent: !CanSend() || !mManager || !mManager->CanSend(): file /builds/worker/checkouts/gecko/dom/ipc/jsactor/JSWindowActorChild.cpp:57
[Child 20476, Main Thread] WARNING: JSWindowActorChild::SendRawMessage (Conduits, ConduitClosed) not sent: !CanSend() || !mManager || !mManager->CanSend(): file /builds/worker/checkouts/gecko/dom/ipc/jsactor/JSWindowActorChild.cpp:57
[Child 20476, Main Thread] WARNING: JSWindowActorChild::SendRawMessage (Conduits, ConduitClosed) not sent: !CanSend() || !mManager || !mManager->CanSend(): file /builds/worker/checkouts/gecko/dom/ipc/jsactor/JSWindowActorChild.cpp:57
[Child 20476, Main Thread] WARNING: JSWindowActorChild::SendRawMessage (Conduits, ConduitClosed) not sent: !CanSend() || !mManager || !mManager->CanSend(): file /builds/worker/checkouts/gecko/dom/ipc/jsactor/JSWindowActorChild.cpp:57
[Child 20476, Main Thread] WARNING: JSWindowActorChild::SendRawMessage (Conduits, ConduitClosed) not sent: !CanSend() || !mManager || !mManager->CanSend(): file /builds/worker/checkouts/gecko/dom/ipc/jsactor/JSWindowActorChild.cpp:57
[Child 20476, Main Thread] WARNING: JSWindowActorChild::SendRawMessage (Conduits, ConduitClosed) not sent: !CanSend() || !mManager || !mManager->CanSend(): file /builds/worker/checkouts/gecko/dom/ipc/jsactor/JSWindowActorChild.cpp:57
Dynamically enable window occlusion 1
]]></system-err>
  </testcase>
</testsuite>