<?xml version="1.0" encoding="UTF-8"?>
<testng-results ignored="2" total="4" passed="2" failed="0" skipped="0">
  <reporter-output>
  </reporter-output>
  <suite started-at="2023-05-29T13:56:50 CEST" name="All Test Suite" finished-at="2023-05-29T13:57:04 CEST" duration-ms="14509">
    <groups>
      <group name="ErrorHandling">
        <method signature="LoginTests.loginWithWrongCredentials()[pri:0, instance:tests.LoginTests@4fb0f2b9]" name="loginWithWrongCredentials" class="tests.LoginTests"/>
        <method signature="RegisterTests.registerWithExistingEmail()[pri:0, instance:tests.RegisterTests@7cc0cdad]" name="registerWithExistingEmail" class="tests.RegisterTests"/>
      </group> <!-- ErrorHandling -->
    </groups>
    <test started-at="2023-05-29T13:56:50 CEST" name="Register Tests" finished-at="2023-05-29T13:57:04 CEST" duration-ms="14369">
      <class name="tests.RegisterTests">
        <test-method is-config="true" signature="launchApplication()[pri:0, instance:tests.RegisterTests@7cc0cdad]" started-at="2023-05-29T13:56:50 CEST" name="launchApplication" finished-at="2023-05-29T13:57:01 CEST" duration-ms="10995" status="PASS">
          <reporter-output>
          </reporter-output>
        </test-method> <!-- launchApplication -->
        <test-method signature="registerWithExistingEmail()[pri:0, instance:tests.RegisterTests@7cc0cdad]" started-at="2023-05-29T13:57:01 CEST" name="registerWithExistingEmail" finished-at="2023-05-29T13:57:02 CEST" duration-ms="1433" status="PASS">
          <reporter-output>
          </reporter-output>
        </test-method> <!-- registerWithExistingEmail -->
        <test-method is-config="true" signature="tearDown()[pri:0, instance:tests.RegisterTests@7cc0cdad]" started-at="2023-05-29T13:57:02 CEST" name="tearDown" finished-at="2023-05-29T13:57:04 CEST" duration-ms="1896" status="PASS">
          <reporter-output>
          </reporter-output>
        </test-method> <!-- tearDown -->
      </class> <!-- tests.RegisterTests -->
    </test> <!-- Register Tests -->
    <test started-at="2023-05-29T13:56:50 CEST" name="Login Tests" finished-at="2023-05-29T13:57:04 CEST" duration-ms="14509">
      <class name="tests.LoginTests">
        <test-method is-config="true" signature="launchApplication()[pri:0, instance:tests.LoginTests@4fb0f2b9]" started-at="2023-05-29T13:56:50 CEST" name="launchApplication" finished-at="2023-05-29T13:57:01 CEST" duration-ms="11143" status="PASS">
          <reporter-output>
          </reporter-output>
        </test-method> <!-- launchApplication -->
        <test-method signature="loginWithWrongCredentials()[pri:0, instance:tests.LoginTests@4fb0f2b9]" started-at="2023-05-29T13:57:01 CEST" name="loginWithWrongCredentials" finished-at="2023-05-29T13:57:03 CEST" duration-ms="1717" status="PASS">
          <reporter-output>
          </reporter-output>
        </test-method> <!-- loginWithWrongCredentials -->
        <test-method is-config="true" signature="tearDown()[pri:0, instance:tests.LoginTests@4fb0f2b9]" started-at="2023-05-29T13:57:03 CEST" name="tearDown" finished-at="2023-05-29T13:57:04 CEST" duration-ms="1607" status="PASS">
          <reporter-output>
          </reporter-output>
        </test-method> <!-- tearDown -->
      </class> <!-- tests.LoginTests -->
    </test> <!-- Login Tests -->
  </suite> <!-- All Test Suite -->
</testng-results>
