<?xml version="1.0" encoding="UTF-8"?>
<!-- Generated by org.testng.reporters.JUnitXMLReporter -->
<testsuite ignored="1" hostname="L-BE-5CG145BF9M" failures="0" tests="1" name="Login Tests" time="14.509" errors="0" timestamp="2023-05-29T13:57:04 CEST">
  <testcase classname="tests.LoginTests" name="loginWithWrongCredentials" time="1.717"/>
  <testcase classname="tests.LoginTests" name="loginWithCorrectCredentials" time="0.0">
    <ignored/>
  </testcase> <!-- loginWithCorrectCredentials -->
</testsuite> <!-- Login Tests -->
