<?xml version="1.0" encoding="UTF-8"?>
<!-- Generated by org.testng.reporters.JUnitXMLReporter -->
<testsuite ignored="1" hostname="L-BE-5CG145BF9M" failures="0" tests="1" name="Register Tests" time="14.369" errors="0" timestamp="2023-05-29T13:57:04 CEST">
  <testcase classname="tests.RegisterTests" name="registerWithExistingEmail" time="1.433"/>
  <testcase classname="tests.RegisterTests" name="registerWithNewEmail" time="0.0">
    <ignored/>
  </testcase> <!-- registerWithNewEmail -->
</testsuite> <!-- Register Tests -->
