<?xml version="1.0" encoding="UTF-8"?>
<!-- Generated by org.testng.reporters.JUnitXMLReporter -->
<testsuite ignored="2" hostname="L-BE-5CG145BF9M" failures="0" tests="0" time="0.01" errors="0" timestamp="2023-05-25T16:48:30 CEST">
  <testcase classname="tests.ShoppingCartTest" name="orderAsUnauthenticatedUser" time="0.0">
    <ignored/>
  </testcase> <!-- orderAsUnauthenticatedUser -->
  <testcase classname="tests.ShoppingCartTest" name="orderAsAuthenticatedUser" time="0.0">
    <ignored/>
  </testcase> <!-- orderAsAuthenticatedUser -->
</testsuite>
